Jun 12, 2007 3:49:00 PM testClient2 main
INFO: Loading Properties file GDML.hl7
Jun 12, 2007 3:49:01 PM testClient2 main
INFO: About to parse file GDML.hl7
Jun 12, 2007 3:49:01 PM testClient2 main
SEVERE: The connection was refused

Jun 12, 2007 4:08:12 PM testClient main
INFO: Loading Properties file GDML.hl7
Jun 12, 2007 4:08:12 PM testClient main
INFO: About to parse file GDML.hl7
Jun 12, 2007 4:09:13 PM testClient main
INFO: Loading Properties file GDMLtest.hl7
Jun 12, 2007 4:09:13 PM testClient main
INFO: About to parse file GDMLtest.hl7
Jun 12, 2007 4:10:44 PM testClient main
INFO: Loading Properties file GDMLtest.hl7
Jun 12, 2007 4:10:44 PM testClient main
INFO: About to parse file GDMLtest.hl7
Jun 12, 2007 4:11:40 PM testClient main
INFO: Loading Properties file GDMLtest.hl7
Jun 12, 2007 4:11:40 PM testClient main
INFO: About to parse file GDMLtest.hl7
Jun 12, 2007 4:12:35 PM testClient main
INFO: Loading Properties file GDMLtest.hl7
Jun 12, 2007 4:12:36 PM testClient main
INFO: About to parse file GDMLtest.hl7
Jun 12, 2007 4:13:28 PM testClient main
INFO: Loading Properties file GDMLtest.hl7
Jun 12, 2007 4:13:28 PM testClient main
INFO: About to parse file GDMLtest.hl7
Jun 12, 2007 4:17:22 PM testClient main
INFO: Loading Properties file GDMLtest.hl7
Jun 12, 2007 4:17:23 PM testClient main
INFO: About to parse file GDMLtest.hl7
Jun 12, 2007 4:17:28 PM testClient main
SEVERE: The connection was refused

Jun 12, 2007 4:26:19 PM testClient main
INFO: Loading Properties file GDMLtest.hl7
Jun 12, 2007 4:26:19 PM testClient main
INFO: About to parse file GDMLtest.hl7
Jun 12, 2007 4:28:04 PM testClient main
INFO: Loading Properties file GDMLtest.hl7
Jun 12, 2007 4:28:04 PM testClient main
INFO: About to parse file GDMLtest.hl7
Jun 12, 2007 4:28:46 PM testClient main
INFO: Loading Properties file GDML.hl7
Jun 12, 2007 4:28:46 PM testClient main
INFO: About to parse file GDML.hl7
Jun 12, 2007 4:32:44 PM testClient main
INFO: Loading Properties file GDML.hl7
Jun 12, 2007 4:32:45 PM testClient main
INFO: About to parse file GDML.hl7
Jun 12, 2007 4:35:51 PM testClient main
INFO: Loading Properties file GDMLtest.hl7
Jun 12, 2007 4:35:51 PM testClient main
INFO: About to parse file GDMLtest.hl7
Jun 12, 2007 4:37:05 PM testClient main
INFO: Loading Properties file GDMLtest.hl7
Jun 12, 2007 4:37:05 PM testClient main
INFO: About to parse file GDMLtest.hl7
Jun 12, 2007 4:42:26 PM testClient main
INFO: Loading Properties file GDMLtest.hl7
Jun 12, 2007 4:42:27 PM testClient main
INFO: About to parse file GDMLtest.hl7
Jun 12, 2007 4:44:01 PM testClient main
INFO: Loading Properties file GDMLtest.hl7
Jun 12, 2007 4:44:02 PM testClient main
INFO: About to parse file GDMLtest.hl7
Jun 12, 2007 4:44:44 PM testClient main
INFO: Loading Properties file GDMLtest.hl7
Jun 12, 2007 4:44:45 PM testClient main
INFO: About to parse file GDMLtest.hl7
Jun 12, 2007 4:48:44 PM testClient main
INFO: Loading Properties file GDMLtest.hl7
Jun 12, 2007 4:48:44 PM testClient main
INFO: About to parse file GDMLtest.hl7
Jun 12, 2007 4:49:49 PM testClient main
INFO: Loading Properties file GDMLtest.hl7
Jun 12, 2007 4:49:49 PM testClient main
INFO: About to parse file GDMLtest.hl7
Jun 12, 2007 4:50:13 PM testClient main
INFO: Loading Properties file GDMLtest.hl7
Jun 12, 2007 4:50:13 PM testClient main
INFO: About to parse file GDMLtest.hl7
Jun 12, 2007 4:50:58 PM testClient main
INFO: Loading Properties file GDMLtest.hl7
Jun 12, 2007 4:50:58 PM testClient main
INFO: About to parse file GDMLtest.hl7
Jun 12, 2007 4:51:05 PM testClient main
SEVERE: The connection was refused

Jun 12, 2007 4:52:06 PM testClient main
INFO: Loading Properties file GDMLtest.hl7
Jun 12, 2007 4:52:07 PM testClient main
INFO: About to parse file GDMLtest.hl7
Jun 12, 2007 4:53:33 PM testClient main
INFO: Loading Properties file GDMLtest.hl7
Jun 12, 2007 4:53:33 PM testClient main
INFO: About to parse file GDMLtest.hl7
Jun 12, 2007 4:55:22 PM testClient main
INFO: Loading Properties file GDMLtest.hl7
Jun 12, 2007 4:55:22 PM testClient main
INFO: About to parse file GDMLtest.hl7
Jun 13, 2007 9:11:18 AM testClient main
INFO: Loading Properties file GDMLtest.hl7
Jun 13, 2007 9:11:18 AM testClient main
INFO: About to parse file GDMLtest.hl7
Jun 13, 2007 9:11:37 AM testClient main
INFO: Loading Properties file GDML.hl7
Jun 13, 2007 9:11:37 AM testClient main
INFO: About to parse file GDML.hl7
Jun 13, 2007 9:12:50 AM testClient main
INFO: Loading Properties file GDMLtest.hl7
Jun 13, 2007 9:12:50 AM testClient main
INFO: About to parse file GDMLtest.hl7
Jun 13, 2007 9:13:41 AM testClient main
INFO: Loading Properties file GDMLtest.hl7
Jun 13, 2007 9:13:41 AM testClient main
INFO: About to parse file GDMLtest.hl7
Jun 13, 2007 9:13:48 AM testClient main
SEVERE: The connection was refused

Jun 13, 2007 9:15:08 AM testClient main
INFO: Loading Properties file GDMLtest.hl7
Jun 13, 2007 9:15:08 AM testClient main
INFO: About to parse file GDMLtest.hl7
Jun 13, 2007 9:15:15 AM testClient main
SEVERE: The connection was refused

Jun 13, 2007 9:15:19 AM testClient main
INFO: Loading Properties file GDML.hl7
Jun 13, 2007 9:15:19 AM testClient main
INFO: About to parse file GDML.hl7
Jun 13, 2007 9:15:24 AM testClient main
INFO: Loading Properties file GDMLtest.hl7
Jun 13, 2007 9:15:24 AM testClient main
INFO: About to parse file GDMLtest.hl7
Jun 13, 2007 9:15:31 AM testClient main
SEVERE: The connection was refused

Jun 13, 2007 9:16:18 AM testClient main
INFO: Loading Properties file GDMLtest.hl7
Jun 13, 2007 9:16:18 AM testClient main
INFO: About to parse file GDMLtest.hl7
Jun 13, 2007 9:16:24 AM testClient main
SEVERE: The connection was refused

Jun 13, 2007 9:16:26 AM testClient main
INFO: Loading Properties file GDML.hl7
Jun 13, 2007 9:16:26 AM testClient main
INFO: About to parse file GDML.hl7
Jun 13, 2007 9:16:48 AM testClient main
INFO: Loading Properties file GDMLtest.hl7
Jun 13, 2007 9:16:49 AM testClient main
INFO: About to parse file GDMLtest.hl7
Jun 13, 2007 9:24:39 AM testClient2 main
INFO: Loading Properties file GDML.hl7
Jun 13, 2007 9:24:39 AM testClient2 main
INFO: About to parse file GDML.hl7
Jun 13, 2007 9:24:40 AM testClient2 main
SEVERE: The connection was refused

Jun 13, 2007 9:25:05 AM testClient main
INFO: Loading Properties file GDMLtest.hl7
Jun 13, 2007 9:25:05 AM testClient main
INFO: About to parse file GDMLtest.hl7
Jun 13, 2007 9:37:26 AM testClient2 main
INFO: Loading Properties file GDML.hl7
Jun 13, 2007 9:37:26 AM testClient2 main
INFO: About to parse file GDML.hl7
Jun 13, 2007 9:37:27 AM testClient2 main
SEVERE: The connection was refused

Jun 13, 2007 9:38:14 AM testClient main
INFO: Loading Properties file GDMLtest.hl7
Jun 13, 2007 9:38:14 AM testClient main
INFO: About to parse file GDMLtest.hl7
Jun 13, 2007 9:38:22 AM testClient main
SEVERE: The connection was refused

Jun 13, 2007 9:39:16 AM testClient main
INFO: Loading Properties file GDMLtest.hl7
Jun 13, 2007 9:39:16 AM testClient main
INFO: About to parse file GDMLtest.hl7
Jun 13, 2007 9:39:23 AM testClient main
SEVERE: The connection was refused

Jun 13, 2007 9:39:28 AM testClient main
INFO: Loading Properties file GDML.hl7
Jun 13, 2007 9:39:28 AM testClient main
INFO: About to parse file GDML.hl7
Jun 13, 2007 9:39:31 AM testClient main
INFO: Loading Properties file GDMLtest.hl7
Jun 13, 2007 9:39:31 AM testClient main
INFO: About to parse file GDMLtest.hl7
Jun 13, 2007 9:39:38 AM testClient main
SEVERE: The connection was refused

Jun 13, 2007 9:40:16 AM testClient main
INFO: Loading Properties file GDMLtest.hl7
Jun 13, 2007 9:40:16 AM testClient main
INFO: About to parse file GDMLtest.hl7
Jun 13, 2007 9:40:24 AM testClient main
SEVERE: The connection was refused

Jun 13, 2007 9:40:26 AM testClient main
INFO: Loading Properties file GDML.hl7
Jun 13, 2007 9:40:26 AM testClient main
INFO: About to parse file GDML.hl7
Jun 13, 2007 9:40:57 AM testClient main
INFO: Loading Properties file GDMLtest.hl7
Jun 13, 2007 9:40:57 AM testClient main
INFO: About to parse file GDMLtest.hl7
Jun 13, 2007 9:52:44 AM testClient main
INFO: Loading Properties file GDMLtest.hl7
Jun 13, 2007 9:52:45 AM testClient main
INFO: About to parse file GDMLtest.hl7
Jun 13, 2007 9:53:54 AM testClient2 main
INFO: Loading Properties file GDML.hl7
Jun 13, 2007 9:53:54 AM testClient2 main
INFO: About to parse file GDML.hl7
Jun 13, 2007 9:53:55 AM testClient2 main
SEVERE: The connection was refused

Jun 13, 2007 11:07:14 AM testClient main
INFO: Loading Properties file GDML.hl7
Jun 13, 2007 11:07:14 AM testClient main
INFO: About to parse file GDML.hl7
